<?xml version="1.0" encoding="UTF-8"?><testsuite errors="1" failures="0" name="To validate the values on the given Page" skipped="0" tests="1" time="0.39" timestamp="2019-09-22 09:06:09"><testcase name="Validate the values on the Page"><error type="java.lang.NullPointerException"/><system-err>null&#13;
com.bdd.Test.Exercise.steps.serenity.NavigatingUser.isOnExercisePage(NavigatingUser.java:18)&#13;
com.bdd.Test.Exercise.steps.ValidateValuesOnPageStepDefintion.user_is_on_the_Page(ValidateValuesOnPageStepDefintion.java:23)&#13;
✽.user is on the Page(features/Exercise/ValidateValuesOnPage.feature:4)&#13;
</system-err></testcase></testsuite>